<?xml version="1.0" encoding="UTF-8"?>
<beans xmlns="http://www.springframework.org/schema/beans"
	xmlns:xsi="http://www.w3.org/2001/XMLSchema-instance" xmlns:context="http://www.springframework.org/schema/context"
	xmlns:util="http://www.springframework.org/schema/util" xmlns:aop="http://www.springframework.org/schema/aop"
	xmlns:tx="http://www.springframework.org/schema/tx" xmlns:jdbc="http://www.springframework.org/schema/jdbc"
	xsi:schemaLocation="http://www.springframework.org/schema/context http://www.springframework.org/schema/context/spring-context-2.5.xsd http://www.springframework.org/schema/beans http://www.springframework.org/schema/beans/spring-beans.xsd http://grails.org/schema/gorm http://grails.org/schema/gorm/gorm.xsd http://www.springframework.org/schema/util http://www.springframework.org/schema/util/spring-util-2.0.xsd http://www.springframework.org/schema/tx http://www.springframework.org/schema/tx/spring-tx-2.5.xsd
	http://www.springframework.org/schema/jdbc http://www.springframework.org/schema/jdbc/spring-jdbc-3.0.xsd">


	<!-- Default abstract Ebean Server configuration -->
	<bean id="defaultEbeanServerConfig" class="com.avaje.ebean.config.ServerConfig"
		abstract="true">
		<property name="autofetchConfig">
			<bean class="com.avaje.ebean.config.AutofetchConfig">
				<property name="logDirectory" value="target" />
			</bean>
		</property>

		<!-- turn off all logging by default -->
		<property name="loggingDirectory" value="target" />
		<property name="loggingLevel" value="SQL" />


		<property name="namingConvention">
			<bean class="com.avaje.ebean.config.UnderscoreNamingConvention" />
		</property>
	</bean>
	
	<bean id="scArticulos" parent="defaultEbeanServerConfig">
		<property name="name" value="ES_ARTICULOS" />
		<property name="ddlGenerate" value="false" />
		<property name="ddlRun" value="false" />
	</bean>
	
	<bean id="scClientes" parent="defaultEbeanServerConfig">
		<property name="name" value="ES_CLIENTES" />
		<property name="ddlGenerate" value="false" />
		<property name="ddlRun" value="false" />
	</bean>

	<bean id="defaultServer" parent="defaultEbeanServerConfig">
		<property name="name" value="defaultServer" />
		<property name="ddlGenerate" value="false" />
		<property name="defaultServer" value="true" />
		<property name="ddlRun" value="false" />
	</bean>


	<!-- Domain class finder -->
	<bean id="domainDirectoryImpl"
		class="es.nortia_in.orm.directory.InlineDomainDirectory">
		<property name="domainClasses">
			<list>
				<value>MODEL.EAlmacen</value>
				<value>MODEL.EAlmacenWithPU</value>
				<value>MODEL.ESeccion</value>
				<value>MODEL.ESeccionWithPU</value>
				<value>MODEL.EGoods</value>
				<value>MODEL.EGoodsWithPU</value>
				<value>MODEL.EClienteWithPU</value>
				<value>MODEL.EFamilia</value>
				<value>MODEL.MockTransientEntity</value>
			</list>
		</property>
		<property name="beanPersistListeners">
			<list>
				<value>MODEL.MockPersistListener</value>
				<value>MODEL.MockPersistListenerBean</value>
			</list>
		</property>
		<property name="embeddableClasses">
			<list>
				<value>MODEL.MockEmbeddable</value>				
			</list>
		</property>
	</bean>
	
	<bean id="persistListener" class="MODEL.MockPersistListenerBean"/>
	
	<!-- Auto domain class register -->
	<bean class="es.nortia_in.orm.spring.DomainClassRegisterPostProcessor">
		<property name="domainDirectory" ref="domainDirectoryImpl" />
	</bean>
		
</beans>
