<?xml version="1.0" encoding="UTF-8"?>
<beans xmlns="http://www.springframework.org/schema/beans"
	xmlns:xsi="http://www.w3.org/2001/XMLSchema-instance" xmlns:context="http://www.springframework.org/schema/context"
	xmlns:util="http://www.springframework.org/schema/util" xmlns:aop="http://www.springframework.org/schema/aop"
	xmlns:tx="http://www.springframework.org/schema/tx" xmlns:jdbc="http://www.springframework.org/schema/jdbc"
	xsi:schemaLocation="http://www.springframework.org/schema/context http://www.springframework.org/schema/context/spring-context-2.5.xsd http://www.springframework.org/schema/beans http://www.springframework.org/schema/beans/spring-beans.xsd http://grails.org/schema/gorm http://grails.org/schema/gorm/gorm.xsd http://www.springframework.org/schema/util http://www.springframework.org/schema/util/spring-util-2.0.xsd http://www.springframework.org/schema/tx http://www.springframework.org/schema/tx/spring-tx-2.5.xsd
	http://www.springframework.org/schema/jdbc http://www.springframework.org/schema/jdbc/spring-jdbc-3.0.xsd">


	<!-- Domain class finder -->
	<bean id="domainDirectoryImpl"
		class="es.nortia_in.orm.directory.InlineDomainDirectory">
		<property name="domainClasses">
			<list>
				<value>MODEL.EAlmacen</value>
				<value>MODEL.EAlmacenWithPU</value>
				<value>MODEL.ESeccion</value>
				<value>MODEL.ESeccionWithPU</value>
				<value>MODEL.EGoods</value>
				<value>MODEL.EGoodsWithPU</value>
				<value>MODEL.EClienteWithPU</value>
				<value>MODEL.EFamilia</value>
			</list>
		</property>
	</bean>

</beans>
